DEB [20190512-15:32:57.349] thr=1   paramiko.transport: starting thread (client mode): 0x6cc9dc50
DEB [20190512-15:32:57.349] thr=1   paramiko.transport: Local version/idstring: SSH-2.0-paramiko_2.4.2
DEB [20190512-15:32:57.353] thr=1   paramiko.transport: Remote version/idstring: SSH-2.0-OpenSSH_7.9
INF [20190512-15:32:57.354] thr=1   paramiko.transport: Connected (version 2.0, client OpenSSH_7.9)
DEB [20190512-15:32:57.355] thr=1   paramiko.transport: kex algos:['curve25519-sha256', 'curve25519-sha256@libssh.org', 'ecdh-sha2-nistp256', 'ecdh-sha2-nistp384', 'ecdh-sha2-nistp521', 'diffie-hellman-group-exchange-sha256', 'diffie-hellman-group16-sha512', 'diffie-hellman-group18-sha512', 'diffie-hellman-group14-sha256', 'diffie-hellman-group14-sha1'] server key:['rsa-sha2-512', 'rsa-sha2-256', 'ssh-rsa', 'ecdsa-sha2-nistp256', 'ssh-ed25519'] client encrypt:['chacha20-poly1305@openssh.com', 'aes128-ctr', 'aes192-ctr', 'aes256-ctr', 'aes128-gcm@openssh.com', 'aes256-gcm@openssh.com'] server encrypt:['chacha20-poly1305@openssh.com', 'aes128-ctr', 'aes192-ctr', 'aes256-ctr', 'aes128-gcm@openssh.com', 'aes256-gcm@openssh.com'] client mac:['umac-64-etm@openssh.com', 'umac-128-etm@openssh.com', 'hmac-sha2-256-etm@openssh.com', 'hmac-sha2-512-etm@openssh.com', 'hmac-sha1-etm@openssh.com', 'umac-64@openssh.com', 'umac-128@openssh.com', 'hmac-sha2-256', 'hmac-sha2-512', 'hmac-sha1'] server mac:['umac-64-etm@openssh.com', 'umac-128-etm@openssh.com', 'hmac-sha2-256-etm@openssh.com', 'hmac-sha2-512-etm@openssh.com', 'hmac-sha1-etm@openssh.com', 'umac-64@openssh.com', 'umac-128@openssh.com', 'hmac-sha2-256', 'hmac-sha2-512', 'hmac-sha1'] client compress:['none', 'zlib@openssh.com'] server compress:['none', 'zlib@openssh.com'] client lang:[''] server lang:[''] kex follows?False
DEB [20190512-15:32:57.355] thr=1   paramiko.transport: Kex agreed: ecdh-sha2-nistp256
DEB [20190512-15:32:57.355] thr=1   paramiko.transport: HostKey agreed: ssh-ed25519
DEB [20190512-15:32:57.356] thr=1   paramiko.transport: Cipher agreed: aes128-ctr
DEB [20190512-15:32:57.356] thr=1   paramiko.transport: MAC agreed: hmac-sha2-256
DEB [20190512-15:32:57.356] thr=1   paramiko.transport: Compression agreed: none
DEB [20190512-15:32:57.404] thr=1   paramiko.transport: kex engine KexNistp256 specified hash_algo <built-in function openssl_sha256>
DEB [20190512-15:32:57.405] thr=1   paramiko.transport: Switch to new keys ...
DEB [20190512-15:32:57.405] thr=2   paramiko.transport: Adding ssh-ed25519 host key for 192.168.253.129: b'6b01464a8546dcf8bbb6329fa494e1b0'
DEB [20190512-15:32:57.447] thr=1   paramiko.transport: userauth is OK
INF [20190512-15:32:57.461] thr=1   paramiko.transport: Authentication (password) successful!
DEB [20190512-15:32:57.461] thr=2   paramiko.transport: [chan 0] Max packet in: 32768 bytes
DEB [20190512-15:32:57.483] thr=1   paramiko.transport: Received global request "hostkeys-00@openssh.com"
DEB [20190512-15:32:57.483] thr=1   paramiko.transport: Rejecting "hostkeys-00@openssh.com" global request from server.
DEB [20190512-15:32:57.523] thr=1   paramiko.transport: [chan 0] Max packet out: 32768 bytes
DEB [20190512-15:32:57.523] thr=1   paramiko.transport: Secsh channel 0 opened.
DEB [20190512-15:32:57.525] thr=1   paramiko.transport: [chan 0] Sesch channel 0 request ok
DEB [20190512-15:32:57.527] thr=1   paramiko.transport: [chan 0] Sesch channel 0 request ok
DEB [20190512-15:32:57.527] thr=2   paramiko.transport: [chan 0] EOF sent (0)
DEB [20190512-15:32:57.528] thr=1   paramiko.transport: EOF in transport thread
DEB [20190512-15:34:00.076] thr=1   paramiko.transport: starting thread (client mode): 0xca00dc50
DEB [20190512-15:34:00.076] thr=1   paramiko.transport: Local version/idstring: SSH-2.0-paramiko_2.4.2
DEB [20190512-15:34:00.080] thr=1   paramiko.transport: Remote version/idstring: SSH-2.0-OpenSSH_7.9
INF [20190512-15:34:00.080] thr=1   paramiko.transport: Connected (version 2.0, client OpenSSH_7.9)
DEB [20190512-15:34:00.081] thr=1   paramiko.transport: kex algos:['curve25519-sha256', 'curve25519-sha256@libssh.org', 'ecdh-sha2-nistp256', 'ecdh-sha2-nistp384', 'ecdh-sha2-nistp521', 'diffie-hellman-group-exchange-sha256', 'diffie-hellman-group16-sha512', 'diffie-hellman-group18-sha512', 'diffie-hellman-group14-sha256', 'diffie-hellman-group14-sha1'] server key:['rsa-sha2-512', 'rsa-sha2-256', 'ssh-rsa', 'ecdsa-sha2-nistp256', 'ssh-ed25519'] client encrypt:['chacha20-poly1305@openssh.com', 'aes128-ctr', 'aes192-ctr', 'aes256-ctr', 'aes128-gcm@openssh.com', 'aes256-gcm@openssh.com'] server encrypt:['chacha20-poly1305@openssh.com', 'aes128-ctr', 'aes192-ctr', 'aes256-ctr', 'aes128-gcm@openssh.com', 'aes256-gcm@openssh.com'] client mac:['umac-64-etm@openssh.com', 'umac-128-etm@openssh.com', 'hmac-sha2-256-etm@openssh.com', 'hmac-sha2-512-etm@openssh.com', 'hmac-sha1-etm@openssh.com', 'umac-64@openssh.com', 'umac-128@openssh.com', 'hmac-sha2-256', 'hmac-sha2-512', 'hmac-sha1'] server mac:['umac-64-etm@openssh.com', 'umac-128-etm@openssh.com', 'hmac-sha2-256-etm@openssh.com', 'hmac-sha2-512-etm@openssh.com', 'hmac-sha1-etm@openssh.com', 'umac-64@openssh.com', 'umac-128@openssh.com', 'hmac-sha2-256', 'hmac-sha2-512', 'hmac-sha1'] client compress:['none', 'zlib@openssh.com'] server compress:['none', 'zlib@openssh.com'] client lang:[''] server lang:[''] kex follows?False
DEB [20190512-15:34:00.082] thr=1   paramiko.transport: Kex agreed: ecdh-sha2-nistp256
DEB [20190512-15:34:00.082] thr=1   paramiko.transport: HostKey agreed: ssh-ed25519
DEB [20190512-15:34:00.082] thr=1   paramiko.transport: Cipher agreed: aes128-ctr
DEB [20190512-15:34:00.082] thr=1   paramiko.transport: MAC agreed: hmac-sha2-256
DEB [20190512-15:34:00.082] thr=1   paramiko.transport: Compression agreed: none
DEB [20190512-15:34:00.136] thr=1   paramiko.transport: kex engine KexNistp256 specified hash_algo <built-in function openssl_sha256>
DEB [20190512-15:34:00.136] thr=1   paramiko.transport: Switch to new keys ...
DEB [20190512-15:34:00.136] thr=2   paramiko.transport: Adding ssh-ed25519 host key for 192.168.253.129: b'6b01464a8546dcf8bbb6329fa494e1b0'
DEB [20190512-15:34:00.177] thr=1   paramiko.transport: userauth is OK
INF [20190512-15:34:00.189] thr=1   paramiko.transport: Authentication (password) successful!
DEB [20190512-15:34:00.190] thr=2   paramiko.transport: [chan 0] Max packet in: 32768 bytes
DEB [20190512-15:34:00.209] thr=1   paramiko.transport: Received global request "hostkeys-00@openssh.com"
DEB [20190512-15:34:00.210] thr=1   paramiko.transport: Rejecting "hostkeys-00@openssh.com" global request from server.
DEB [20190512-15:34:00.250] thr=1   paramiko.transport: [chan 0] Max packet out: 32768 bytes
DEB [20190512-15:34:00.250] thr=1   paramiko.transport: Secsh channel 0 opened.
DEB [20190512-15:34:00.252] thr=1   paramiko.transport: [chan 0] Sesch channel 0 request ok
DEB [20190512-15:34:00.254] thr=1   paramiko.transport: [chan 0] Sesch channel 0 request ok
DEB [20190512-15:34:00.254] thr=2   paramiko.transport: [chan 0] EOF sent (0)
DEB [20190512-15:34:00.254] thr=1   paramiko.transport: EOF in transport thread
DEB [20190512-15:34:50.033] thr=1   paramiko.transport: starting thread (client mode): 0x7cfeccc0
DEB [20190512-15:34:50.033] thr=1   paramiko.transport: Local version/idstring: SSH-2.0-paramiko_2.4.2
DEB [20190512-15:34:50.037] thr=1   paramiko.transport: Remote version/idstring: SSH-2.0-OpenSSH_7.9
INF [20190512-15:34:50.037] thr=1   paramiko.transport: Connected (version 2.0, client OpenSSH_7.9)
DEB [20190512-15:34:50.039] thr=1   paramiko.transport: kex algos:['curve25519-sha256', 'curve25519-sha256@libssh.org', 'ecdh-sha2-nistp256', 'ecdh-sha2-nistp384', 'ecdh-sha2-nistp521', 'diffie-hellman-group-exchange-sha256', 'diffie-hellman-group16-sha512', 'diffie-hellman-group18-sha512', 'diffie-hellman-group14-sha256', 'diffie-hellman-group14-sha1'] server key:['rsa-sha2-512', 'rsa-sha2-256', 'ssh-rsa', 'ecdsa-sha2-nistp256', 'ssh-ed25519'] client encrypt:['chacha20-poly1305@openssh.com', 'aes128-ctr', 'aes192-ctr', 'aes256-ctr', 'aes128-gcm@openssh.com', 'aes256-gcm@openssh.com'] server encrypt:['chacha20-poly1305@openssh.com', 'aes128-ctr', 'aes192-ctr', 'aes256-ctr', 'aes128-gcm@openssh.com', 'aes256-gcm@openssh.com'] client mac:['umac-64-etm@openssh.com', 'umac-128-etm@openssh.com', 'hmac-sha2-256-etm@openssh.com', 'hmac-sha2-512-etm@openssh.com', 'hmac-sha1-etm@openssh.com', 'umac-64@openssh.com', 'umac-128@openssh.com', 'hmac-sha2-256', 'hmac-sha2-512', 'hmac-sha1'] server mac:['umac-64-etm@openssh.com', 'umac-128-etm@openssh.com', 'hmac-sha2-256-etm@openssh.com', 'hmac-sha2-512-etm@openssh.com', 'hmac-sha1-etm@openssh.com', 'umac-64@openssh.com', 'umac-128@openssh.com', 'hmac-sha2-256', 'hmac-sha2-512', 'hmac-sha1'] client compress:['none', 'zlib@openssh.com'] server compress:['none', 'zlib@openssh.com'] client lang:[''] server lang:[''] kex follows?False
DEB [20190512-15:34:50.039] thr=1   paramiko.transport: Kex agreed: ecdh-sha2-nistp256
DEB [20190512-15:34:50.039] thr=1   paramiko.transport: HostKey agreed: ssh-ed25519
DEB [20190512-15:34:50.039] thr=1   paramiko.transport: Cipher agreed: aes128-ctr
DEB [20190512-15:34:50.039] thr=1   paramiko.transport: MAC agreed: hmac-sha2-256
DEB [20190512-15:34:50.039] thr=1   paramiko.transport: Compression agreed: none
DEB [20190512-15:34:50.088] thr=1   paramiko.transport: kex engine KexNistp256 specified hash_algo <built-in function openssl_sha256>
DEB [20190512-15:34:50.088] thr=1   paramiko.transport: Switch to new keys ...
DEB [20190512-15:34:50.089] thr=2   paramiko.transport: Adding ssh-ed25519 host key for 192.168.253.129: b'6b01464a8546dcf8bbb6329fa494e1b0'
DEB [20190512-15:34:50.132] thr=1   paramiko.transport: userauth is OK
INF [20190512-15:34:50.145] thr=1   paramiko.transport: Authentication (password) successful!
DEB [20190512-15:34:50.145] thr=2   paramiko.transport: [chan 0] Max packet in: 32768 bytes
DEB [20190512-15:34:50.171] thr=1   paramiko.transport: Received global request "hostkeys-00@openssh.com"
DEB [20190512-15:34:50.171] thr=1   paramiko.transport: Rejecting "hostkeys-00@openssh.com" global request from server.
DEB [20190512-15:34:50.212] thr=1   paramiko.transport: [chan 0] Max packet out: 32768 bytes
DEB [20190512-15:34:50.212] thr=1   paramiko.transport: Secsh channel 0 opened.
DEB [20190512-15:34:50.214] thr=1   paramiko.transport: [chan 0] Sesch channel 0 request ok
DEB [20190512-15:34:50.215] thr=1   paramiko.transport: [chan 0] Sesch channel 0 request ok
DEB [20190512-15:34:50.216] thr=2   paramiko.transport: [chan 0] EOF sent (0)
DEB [20190512-15:34:50.216] thr=1   paramiko.transport: EOF in transport thread
DEB [20190512-15:35:29.227] thr=1   paramiko.transport: starting thread (client mode): 0x7be8dbe0
DEB [20190512-15:35:29.228] thr=1   paramiko.transport: Local version/idstring: SSH-2.0-paramiko_2.4.2
DEB [20190512-15:35:29.233] thr=1   paramiko.transport: Remote version/idstring: SSH-2.0-OpenSSH_7.9
INF [20190512-15:35:29.233] thr=1   paramiko.transport: Connected (version 2.0, client OpenSSH_7.9)
DEB [20190512-15:35:29.234] thr=1   paramiko.transport: kex algos:['curve25519-sha256', 'curve25519-sha256@libssh.org', 'ecdh-sha2-nistp256', 'ecdh-sha2-nistp384', 'ecdh-sha2-nistp521', 'diffie-hellman-group-exchange-sha256', 'diffie-hellman-group16-sha512', 'diffie-hellman-group18-sha512', 'diffie-hellman-group14-sha256', 'diffie-hellman-group14-sha1'] server key:['rsa-sha2-512', 'rsa-sha2-256', 'ssh-rsa', 'ecdsa-sha2-nistp256', 'ssh-ed25519'] client encrypt:['chacha20-poly1305@openssh.com', 'aes128-ctr', 'aes192-ctr', 'aes256-ctr', 'aes128-gcm@openssh.com', 'aes256-gcm@openssh.com'] server encrypt:['chacha20-poly1305@openssh.com', 'aes128-ctr', 'aes192-ctr', 'aes256-ctr', 'aes128-gcm@openssh.com', 'aes256-gcm@openssh.com'] client mac:['umac-64-etm@openssh.com', 'umac-128-etm@openssh.com', 'hmac-sha2-256-etm@openssh.com', 'hmac-sha2-512-etm@openssh.com', 'hmac-sha1-etm@openssh.com', 'umac-64@openssh.com', 'umac-128@openssh.com', 'hmac-sha2-256', 'hmac-sha2-512', 'hmac-sha1'] server mac:['umac-64-etm@openssh.com', 'umac-128-etm@openssh.com', 'hmac-sha2-256-etm@openssh.com', 'hmac-sha2-512-etm@openssh.com', 'hmac-sha1-etm@openssh.com', 'umac-64@openssh.com', 'umac-128@openssh.com', 'hmac-sha2-256', 'hmac-sha2-512', 'hmac-sha1'] client compress:['none', 'zlib@openssh.com'] server compress:['none', 'zlib@openssh.com'] client lang:[''] server lang:[''] kex follows?False
DEB [20190512-15:35:29.234] thr=1   paramiko.transport: Kex agreed: ecdh-sha2-nistp256
DEB [20190512-15:35:29.234] thr=1   paramiko.transport: HostKey agreed: ssh-ed25519
DEB [20190512-15:35:29.234] thr=1   paramiko.transport: Cipher agreed: aes128-ctr
DEB [20190512-15:35:29.234] thr=1   paramiko.transport: MAC agreed: hmac-sha2-256
DEB [20190512-15:35:29.234] thr=1   paramiko.transport: Compression agreed: none
DEB [20190512-15:35:29.283] thr=1   paramiko.transport: kex engine KexNistp256 specified hash_algo <built-in function openssl_sha256>
DEB [20190512-15:35:29.283] thr=1   paramiko.transport: Switch to new keys ...
DEB [20190512-15:35:29.283] thr=2   paramiko.transport: Adding ssh-ed25519 host key for 192.168.253.129: b'6b01464a8546dcf8bbb6329fa494e1b0'
DEB [20190512-15:35:29.324] thr=1   paramiko.transport: userauth is OK
INF [20190512-15:35:29.348] thr=1   paramiko.transport: Authentication (password) successful!
DEB [20190512-15:35:29.349] thr=2   paramiko.transport: [chan 0] Max packet in: 32768 bytes
DEB [20190512-15:35:29.375] thr=1   paramiko.transport: Received global request "hostkeys-00@openssh.com"
DEB [20190512-15:35:29.375] thr=1   paramiko.transport: Rejecting "hostkeys-00@openssh.com" global request from server.
DEB [20190512-15:35:29.416] thr=1   paramiko.transport: [chan 0] Max packet out: 32768 bytes
DEB [20190512-15:35:29.416] thr=1   paramiko.transport: Secsh channel 0 opened.
DEB [20190512-15:35:29.418] thr=1   paramiko.transport: [chan 0] Sesch channel 0 request ok
DEB [20190512-15:35:29.419] thr=1   paramiko.transport: EOF in transport thread
DEB [20190512-15:36:53.645] thr=1   paramiko.transport: starting thread (client mode): 0x90e6dc88
DEB [20190512-15:36:53.645] thr=1   paramiko.transport: Local version/idstring: SSH-2.0-paramiko_2.4.2
DEB [20190512-15:36:53.654] thr=1   paramiko.transport: Remote version/idstring: SSH-2.0-OpenSSH_7.9
INF [20190512-15:36:53.654] thr=1   paramiko.transport: Connected (version 2.0, client OpenSSH_7.9)
DEB [20190512-15:36:53.655] thr=1   paramiko.transport: kex algos:['curve25519-sha256', 'curve25519-sha256@libssh.org', 'ecdh-sha2-nistp256', 'ecdh-sha2-nistp384', 'ecdh-sha2-nistp521', 'diffie-hellman-group-exchange-sha256', 'diffie-hellman-group16-sha512', 'diffie-hellman-group18-sha512', 'diffie-hellman-group14-sha256', 'diffie-hellman-group14-sha1'] server key:['rsa-sha2-512', 'rsa-sha2-256', 'ssh-rsa', 'ecdsa-sha2-nistp256', 'ssh-ed25519'] client encrypt:['chacha20-poly1305@openssh.com', 'aes128-ctr', 'aes192-ctr', 'aes256-ctr', 'aes128-gcm@openssh.com', 'aes256-gcm@openssh.com'] server encrypt:['chacha20-poly1305@openssh.com', 'aes128-ctr', 'aes192-ctr', 'aes256-ctr', 'aes128-gcm@openssh.com', 'aes256-gcm@openssh.com'] client mac:['umac-64-etm@openssh.com', 'umac-128-etm@openssh.com', 'hmac-sha2-256-etm@openssh.com', 'hmac-sha2-512-etm@openssh.com', 'hmac-sha1-etm@openssh.com', 'umac-64@openssh.com', 'umac-128@openssh.com', 'hmac-sha2-256', 'hmac-sha2-512', 'hmac-sha1'] server mac:['umac-64-etm@openssh.com', 'umac-128-etm@openssh.com', 'hmac-sha2-256-etm@openssh.com', 'hmac-sha2-512-etm@openssh.com', 'hmac-sha1-etm@openssh.com', 'umac-64@openssh.com', 'umac-128@openssh.com', 'hmac-sha2-256', 'hmac-sha2-512', 'hmac-sha1'] client compress:['none', 'zlib@openssh.com'] server compress:['none', 'zlib@openssh.com'] client lang:[''] server lang:[''] kex follows?False
DEB [20190512-15:36:53.656] thr=1   paramiko.transport: Kex agreed: ecdh-sha2-nistp256
DEB [20190512-15:36:53.656] thr=1   paramiko.transport: HostKey agreed: ssh-ed25519
DEB [20190512-15:36:53.656] thr=1   paramiko.transport: Cipher agreed: aes128-ctr
DEB [20190512-15:36:53.656] thr=1   paramiko.transport: MAC agreed: hmac-sha2-256
DEB [20190512-15:36:53.656] thr=1   paramiko.transport: Compression agreed: none
DEB [20190512-15:36:53.702] thr=1   paramiko.transport: kex engine KexNistp256 specified hash_algo <built-in function openssl_sha256>
DEB [20190512-15:36:53.703] thr=1   paramiko.transport: Switch to new keys ...
DEB [20190512-15:36:53.703] thr=2   paramiko.transport: Adding ssh-ed25519 host key for 192.168.253.129: b'6b01464a8546dcf8bbb6329fa494e1b0'
DEB [20190512-15:36:53.747] thr=1   paramiko.transport: userauth is OK
INF [20190512-15:36:53.769] thr=1   paramiko.transport: Authentication (password) successful!
DEB [20190512-15:36:53.770] thr=2   paramiko.transport: [chan 0] Max packet in: 32768 bytes
DEB [20190512-15:36:53.787] thr=1   paramiko.transport: Received global request "hostkeys-00@openssh.com"
DEB [20190512-15:36:53.787] thr=1   paramiko.transport: Rejecting "hostkeys-00@openssh.com" global request from server.
DEB [20190512-15:36:53.828] thr=1   paramiko.transport: [chan 0] Max packet out: 32768 bytes
DEB [20190512-15:36:53.828] thr=1   paramiko.transport: Secsh channel 0 opened.
DEB [20190512-15:36:53.831] thr=1   paramiko.transport: [chan 0] Sesch channel 0 request ok
DEB [20190512-15:36:53.831] thr=1   paramiko.transport: EOF in transport thread
